[debug] [2026-01-26T14:51:55.127Z] ----------------------------------------------------------------------
[debug] [2026-01-26T14:51:55.128Z] Command:       /usr/local/bin/node /usr/local/bin/firebase init
[debug] [2026-01-26T14:51:55.128Z] CLI Version:   12.5.4
[debug] [2026-01-26T14:51:55.128Z] Platform:      darwin
[debug] [2026-01-26T14:51:55.128Z] Node Version:  v18.18.0
[debug] [2026-01-26T14:51:55.156Z] Time:          Mon Jan 26 2026 20:21:55 GMT+0530 (India Standard Time)
[debug] [2026-01-26T14:51:55.156Z] ----------------------------------------------------------------------
[debug] 
[debug] [2026-01-26T14:51:55.157Z] >>> [apiv2][query] GET https://firebase-public.firebaseio.com/cli.json [none]
[debug] [2026-01-26T14:51:55.179Z] > command requires scopes: ["email","openid","https://www.googleapis.com/auth/cloudplatformprojects.readonly","https://www.googleapis.com/auth/firebase","https://www.googleapis.com/auth/cloud-platform"]
[debug] [2026-01-26T14:51:55.179Z] > authorizing via signed-in user (prashantk@dataknobs.com)
[info] 
     ######## #### ########  ######## ########     ###     ######  ########
     ##        ##  ##     ## ##       ##     ##  ##   ##  ##       ##
     ######    ##  ########  ######   ########  #########  ######  ######
     ##        ##  ##    ##  ##       ##     ## ##     ##       ## ##
     ##       #### ##     ## ######## ########  ##     ##  ######  ########

You're about to initialize a Firebase project in this directory:

  /Users/prashantdhingra/e/a3_output/pilatesvitas_new/output/content

[debug] [2026-01-26T14:51:57.960Z] <<< [apiv2][status] GET https://firebase-public.firebaseio.com/cli.json 200
[debug] [2026-01-26T14:51:57.962Z] <<< [apiv2][body] GET https://firebase-public.firebaseio.com/cli.json {"cloudBuildErrorAfter":1594252800000,"cloudBuildWarnAfter":1590019200000,"defaultNode10After":1594252800000,"minVersion":"3.0.5","node8DeploysDisabledAfter":1613390400000,"node8RuntimeDisabledAfter":1615809600000,"node8WarnAfter":1600128000000}
